# JRE version: OpenJDK Runtime Environment Temurin-21.0.10+7 (21.0.10+7) (build 21.0.10+7-LTS)
# Java VM: OpenJDK 64-Bit Server VM Temurin-21.0.10+7 (21.0.10+7-LTS, mixed mode, sharing, tiered, compressed oops, compressed class ptrs, parallel gc, windows-amd64)
GC Precious Log:
 CardTable entry size: 512
 CPUs: 8 total, 8 available
 Memory: 7865M
 Large Page Support: Disabled
 NUMA Support: Disabled
 Compressed Oops: Enabled (32-bit)
 Alignments: Space 512K, Generation 512K, Heap 2M
 Heap Min Capacity: 100M
 Heap Initial Capacity: 100M
 Heap Max Capacity: 2G
 Pre-touch: Disabled
 Parallel Workers: 8
Heap:
 PSYoungGen      total 9216K, used 4117K [0x00000000d5580000, 0x00000000d6480000, 0x0000000100000000)
  eden space 8192K, 46% used [0x00000000d5580000,0x00000000d5935548,0x00000000d5d80000)
  from space 1024K, 31% used [0x00000000d6280000,0x00000000d62d0000,0x00000000d6380000)
  to   space 1024K, 0% used [0x00000000d6380000,0x00000000d6380000,0x00000000d6480000)
 ParOldGen       total 976384K, used 617132K [0x0000000080000000, 0x00000000bb980000, 0x00000000d5580000)
  object space 976384K, 63% used [0x0000000080000000,0x00000000a5aab3f0,0x00000000bb980000)
 Metaspace       used 92131K, committed 93888K, reserved 1179648K
  class space    used 9610K, committed 10432K, reserved 1048576K
GC Heap History (20 events):
Event: 16028.032 GC heap before
{Heap before GC invocations=1698 (full 4):
 PSYoungGen      total 14336K, used 13550K [0x00000000d5580000, 0x00000000d6a80000, 0x0000000100000000)
  eden space 7680K, 95% used [0x00000000d5580000,0x00000000d5ca4f30,0x00000000d5d00000)
  from space 6656K, 93% used [0x00000000d5d00000,0x00000000d6316a50,0x00000000d6380000)
  to   space 6656K, 0% used [0x00000000d6400000,0x00000000d6400000,0x00000000d6a80000)
 ParOldGen       total 976384K, used 569833K [0x0000000080000000, 0x00000000bb980000, 0x00000000d5580000)
  object space 976384K, 58% used [0x0000000080000000,0x00000000a2c7a5b8,0x00000000bb980000)
 Metaspace       used 92030K, committed 93760K, reserved 1179648K
  class space    used 9610K, committed 10432K, reserved 1048576K
}
Event: 16028.065 GC heap after
{Heap after GC invocations=1698 (full 4):
 PSYoungGen      total 14848K, used 6131K [0x00000000d5580000, 0x00000000d6b80000, 0x0000000100000000)
  eden space 8192K, 0% used [0x00000000d5580000,0x00000000d5580000,0x00000000d5d80000)
  from space 6656K, 92% used [0x00000000d6400000,0x00000000d69fcda8,0x00000000d6a80000)
  to   space 6656K, 0% used [0x00000000d5d80000,0x00000000d5d80000,0x00000000d6400000)
 ParOldGen       total 976384K, used 576028K [0x0000000080000000, 0x00000000bb980000, 0x00000000d5580000)
  object space 976384K, 58% used [0x0000000080000000,0x00000000a3287028,0x00000000bb980000)
 Metaspace       used 92030K, committed 93760K, reserved 1179648K
  class space    used 9610K, committed 10432K, reserved 1048576K
}
Event: 16028.169 GC heap before
{Heap before GC invocations=1699 (full 4):
 PSYoungGen      total 14848K, used 14323K [0x00000000d5580000, 0x00000000d6b80000, 0x0000000100000000)
  eden space 8192K, 100% used [0x00000000d5580000,0x00000000d5d80000,0x00000000d5d80000)
  from space 6656K, 92% used [0x00000000d6400000,0x00000000d69fcda8,0x00000000d6a80000)
  to   space 6656K, 0% used [0x00000000d5d80000,0x00000000d5d80000,0x00000000d6400000)
 ParOldGen       total 976384K, used 576028K [0x0000000080000000, 0x00000000bb980000, 0x00000000d5580000)
  object space 976384K, 58% used [0x0000000080000000,0x00000000a3287028,0x00000000bb980000)
 Metaspace       used 92032K, committed 93760K, reserved 1179648K
  class space    used 9610K, committed 10432K, reserved 1048576K
}
Event: 16028.199 GC heap after
{Heap after GC invocations=1699 (full 4):
 PSYoungGen      total 14848K, used 4879K [0x00000000d5580000, 0x00000000d6a80000, 0x0000000100000000)
  eden space 8192K, 0% used [0x00000000d5580000,0x00000000d5580000,0x00000000d5d80000)
  from space 6656K, 73% used [0x00000000d5d80000,0x00000000d6243f68,0x00000000d6400000)
  to   space 5632K, 0% used [0x00000000d6500000,0x00000000d6500000,0x00000000d6a80000)
 ParOldGen       total 976384K, used 582076K [0x0000000080000000, 0x00000000bb980000, 0x00000000d5580000)
  object space 976384K, 59% used [0x0000000080000000,0x00000000a386f3d0,0x00000000bb980000)
 Metaspace       used 92032K, committed 93760K, reserved 1179648K
  class space    used 9610K, committed 10432K, reserved 1048576K
}
Event: 16029.106 GC heap before
{Heap before GC invocations=1700 (full 4):
 PSYoungGen      total 14848K, used 13071K [0x00000000d5580000, 0x00000000d6a80000, 0x0000000100000000)
  eden space 8192K, 100% used [0x00000000d5580000,0x00000000d5d80000,0x00000000d5d80000)
  from space 6656K, 73% used [0x00000000d5d80000,0x00000000d6243f68,0x00000000d6400000)
  to   space 5632K, 0% used [0x00000000d6500000,0x00000000d6500000,0x00000000d6a80000)
 ParOldGen       total 976384K, used 612797K [0x0000000080000000, 0x00000000bb980000, 0x00000000d5580000)
  object space 976384K, 62% used [0x0000000080000000,0x00000000a566f400,0x00000000bb980000)
 Metaspace       used 92052K, committed 93824K, reserved 1179648K
  class space    used 9610K, committed 10432K, reserved 1048576K
}
Event: 16029.120 GC heap after
{Heap after GC invocations=1700 (full 4):
 PSYoungGen      total 9728K, used 1332K [0x00000000d5580000, 0x00000000d6680000, 0x0000000100000000)
  eden space 8192K, 0% used [0x00000000d5580000,0x00000000d5580000,0x00000000d5d80000)
  from space 1536K, 86% used [0x00000000d6500000,0x00000000d664d200,0x00000000d6680000)
  to   space 3072K, 0% used [0x00000000d6080000,0x00000000d6080000,0x00000000d6380000)
 ParOldGen       total 976384K, used 614466K [0x0000000080000000, 0x00000000bb980000, 0x00000000d5580000)
  object space 976384K, 62% used [0x0000000080000000,0x00000000a5810958,0x00000000bb980000)
 Metaspace       used 92052K, committed 93824K, reserved 1179648K
  class space    used 9610K, committed 10432K, reserved 1048576K
}
Event: 16046.043 GC heap before
{Heap before GC invocations=1701 (full 4):
 PSYoungGen      total 9728K, used 9524K [0x00000000d5580000, 0x00000000d6680000, 0x0000000100000000)
  eden space 8192K, 99% used [0x00000000d5580000,0x00000000d5d7ffe0,0x00000000d5d80000)
  from space 1536K, 86% used [0x00000000d6500000,0x00000000d664d200,0x00000000d6680000)
  to   space 3072K, 0% used [0x00000000d6080000,0x00000000d6080000,0x00000000d6380000)
 ParOldGen       total 976384K, used 614466K [0x0000000080000000, 0x00000000bb980000, 0x00000000d5580000)
  object space 976384K, 62% used [0x0000000080000000,0x00000000a5810958,0x00000000bb980000)
 Metaspace       used 92054K, committed 93824K, reserved 1179648K
  class space    used 9610K, committed 10432K, reserved 1048576K
}
Event: 16046.069 GC heap after
{Heap after GC invocations=1701 (full 4):
 PSYoungGen      total 11264K, used 873K [0x00000000d5580000, 0x00000000d6580000, 0x0000000100000000)
  eden space 8192K, 0% used [0x00000000d5580000,0x00000000d5580000,0x00000000d5d80000)
  from space 3072K, 28% used [0x00000000d6080000,0x00000000d615a420,0x00000000d6380000)
  to   space 1536K, 0% used [0x00000000d6400000,0x00000000d6400000,0x00000000d6580000)
 ParOldGen       total 976384K, used 615301K [0x0000000080000000, 0x00000000bb980000, 0x00000000d5580000)
  object space 976384K, 63% used [0x0000000080000000,0x00000000a58e17e0,0x00000000bb980000)
 Metaspace       used 92054K, committed 93824K, reserved 1179648K
  class space    used 9610K, committed 10432K, reserved 1048576K
}
Event: 16046.965 GC heap before
{Heap before GC invocations=1702 (full 4):
 PSYoungGen      total 11264K, used 9065K [0x00000000d5580000, 0x00000000d6580000, 0x0000000100000000)
  eden space 8192K, 100% used [0x00000000d5580000,0x00000000d5d80000,0x00000000d5d80000)
  from space 3072K, 28% used [0x00000000d6080000,0x00000000d615a420,0x00000000d6380000)
  to   space 1536K, 0% used [0x00000000d6400000,0x00000000d6400000,0x00000000d6580000)
 ParOldGen       total 976384K, used 615301K [0x0000000080000000, 0x00000000bb980000, 0x00000000d5580000)
  object space 976384K, 63% used [0x0000000080000000,0x00000000a58e17e0,0x00000000bb980000)
 Metaspace       used 92069K, committed 93824K, reserved 1179648K
  class space    used 9610K, committed 10432K, reserved 1048576K
}
Event: 16046.969 GC heap after
{Heap after GC invocations=1702 (full 4):
 PSYoungGen      total 8704K, used 256K [0x00000000d5580000, 0x00000000d6480000, 0x0000000100000000)
  eden space 8192K, 0% used [0x00000000d5580000,0x00000000d5580000,0x00000000d5d80000)
  from space 512K, 50% used [0x00000000d6400000,0x00000000d6440000,0x00000000d6480000)
  to   space 1024K, 0% used [0x00000000d6280000,0x00000000d6280000,0x00000000d6380000)
 ParOldGen       total 976384K, used 615946K [0x0000000080000000, 0x00000000bb980000, 0x00000000d5580000)
  object space 976384K, 63% used [0x0000000080000000,0x00000000a59829f0,0x00000000bb980000)
 Metaspace       used 92069K, committed 93824K, reserved 1179648K
  class space    used 9610K, committed 10432K, reserved 1048576K
}
Event: 16047.059 GC heap before
{Heap before GC invocations=1703 (full 4):
 PSYoungGen      total 8704K, used 8445K [0x00000000d5580000, 0x00000000d6480000, 0x0000000100000000)
  eden space 8192K, 99% used [0x00000000d5580000,0x00000000d5d7f6b0,0x00000000d5d80000)
  from space 512K, 50% used [0x00000000d6400000,0x00000000d6440000,0x00000000d6480000)
  to   space 1024K, 0% used [0x00000000d6280000,0x00000000d6280000,0x00000000d6380000)
 ParOldGen       total 976384K, used 615946K [0x0000000080000000, 0x00000000bb980000, 0x00000000d5580000)
  object space 976384K, 63% used [0x0000000080000000,0x00000000a59829f0,0x00000000bb980000)
 Metaspace       used 92069K, committed 93824K, reserved 1179648K
  class space    used 9610K, committed 10432K, reserved 1048576K
}
Event: 16047.062 GC heap after
{Heap after GC invocations=1703 (full 4):
 PSYoungGen      total 9216K, used 320K [0x00000000d5580000, 0x00000000d6480000, 0x0000000100000000)
  eden space 8192K, 0% used [0x00000000d5580000,0x00000000d5580000,0x00000000d5d80000)
  from space 1024K, 31% used [0x00000000d6280000,0x00000000d62d0000,0x00000000d6380000)
  to   space 512K, 0% used [0x00000000d6400000,0x00000000d6400000,0x00000000d6480000)
 ParOldGen       total 976384K, used 616066K [0x0000000080000000, 0x00000000bb980000, 0x00000000d5580000)
  object space 976384K, 63% used [0x0000000080000000,0x00000000a59a0a00,0x00000000bb980000)
 Metaspace       used 92069K, committed 93824K, reserved 1179648K
  class space    used 9610K, committed 10432K, reserved 1048576K
}
Event: 16093.715 GC heap before
{Heap before GC invocations=1704 (full 4):
 PSYoungGen      total 9216K, used 8512K [0x00000000d5580000, 0x00000000d6480000, 0x0000000100000000)
  eden space 8192K, 100% used [0x00000000d5580000,0x00000000d5d80000,0x00000000d5d80000)
  from space 1024K, 31% used [0x00000000d6280000,0x00000000d62d0000,0x00000000d6380000)
  to   space 512K, 0% used [0x00000000d6400000,0x00000000d6400000,0x00000000d6480000)
 ParOldGen       total 976384K, used 616066K [0x0000000080000000, 0x00000000bb980000, 0x00000000d5580000)
  object space 976384K, 63% used [0x0000000080000000,0x00000000a59a0a00,0x00000000bb980000)
 Metaspace       used 92080K, committed 93824K, reserved 1179648K
  class space    used 9610K, committed 10432K, reserved 1048576K
}
Event: 16093.900 GC heap after
{Heap after GC invocations=1704 (full 4):
 PSYoungGen      total 8704K, used 256K [0x00000000d5580000, 0x00000000d6480000, 0x0000000100000000)
  eden space 8192K, 0% used [0x00000000d5580000,0x00000000d5580000,0x00000000d5d80000)
  from space 512K, 50% used [0x00000000d6400000,0x00000000d6440000,0x00000000d6480000)
  to   space 512K, 0% used [0x00000000d6380000,0x00000000d6380000,0x00000000d6400000)
 ParOldGen       total 976384K, used 616114K [0x0000000080000000, 0x00000000bb980000, 0x00000000d5580000)
  object space 976384K, 63% used [0x0000000080000000,0x00000000a59aca00,0x00000000bb980000)
 Metaspace       used 92080K, committed 93824K, reserved 1179648K
  class space    used 9610K, committed 10432K, reserved 1048576K
}
Event: 16165.512 GC heap before
{Heap before GC invocations=1705 (full 4):
 PSYoungGen      total 8704K, used 8448K [0x00000000d5580000, 0x00000000d6480000, 0x0000000100000000)
  eden space 8192K, 100% used [0x00000000d5580000,0x00000000d5d80000,0x00000000d5d80000)
  from space 512K, 50% used [0x00000000d6400000,0x00000000d6440000,0x00000000d6480000)
  to   space 512K, 0% used [0x00000000d6380000,0x00000000d6380000,0x00000000d6400000)
 ParOldGen       total 976384K, used 616114K [0x0000000080000000, 0x00000000bb980000, 0x00000000d5580000)
  object space 976384K, 63% used [0x0000000080000000,0x00000000a59aca00,0x00000000bb980000)
 Metaspace       used 92093K, committed 93824K, reserved 1179648K
  class space    used 9610K, committed 10432K, reserved 1048576K
}
Event: 16165.627 GC heap after
{Heap after GC invocations=1705 (full 4):
 PSYoungGen      total 8704K, used 452K [0x00000000d5580000, 0x00000000d6480000, 0x0000000100000000)
  eden space 8192K, 0% used [0x00000000d5580000,0x00000000d5580000,0x00000000d5d80000)
  from space 512K, 88% used [0x00000000d6380000,0x00000000d63f1230,0x00000000d6400000)
  to   space 512K, 0% used [0x00000000d6400000,0x00000000d6400000,0x00000000d6480000)
 ParOldGen       total 976384K, used 616226K [0x0000000080000000, 0x00000000bb980000, 0x00000000d5580000)
  object space 976384K, 63% used [0x0000000080000000,0x00000000a59c8a40,0x00000000bb980000)
 Metaspace       used 92093K, committed 93824K, reserved 1179648K
  class space    used 9610K, committed 10432K, reserved 1048576K
}
Event: 16165.680 GC heap before
{Heap before GC invocations=1706 (full 4):
 PSYoungGen      total 8704K, used 8622K [0x00000000d5580000, 0x00000000d6480000, 0x0000000100000000)
  eden space 8192K, 99% used [0x00000000d5580000,0x00000000d5d7a618,0x00000000d5d80000)
  from space 512K, 88% used [0x00000000d6380000,0x00000000d63f1230,0x00000000d6400000)
  to   space 512K, 0% used [0x00000000d6400000,0x00000000d6400000,0x00000000d6480000)
 ParOldGen       total 976384K, used 616226K [0x0000000080000000, 0x00000000bb980000, 0x00000000d5580000)
  object space 976384K, 63% used [0x0000000080000000,0x00000000a59c8a40,0x00000000bb980000)
 Metaspace       used 92094K, committed 93888K, reserved 1179648K
  class space    used 9610K, committed 10432K, reserved 1048576K
}
Event: 16165.693 GC heap after
{Heap after GC invocations=1706 (full 4):
 PSYoungGen      total 8704K, used 490K [0x00000000d5580000, 0x00000000d6480000, 0x0000000100000000)
  eden space 8192K, 0% used [0x00000000d5580000,0x00000000d5580000,0x00000000d5d80000)
  from space 512K, 95% used [0x00000000d6400000,0x00000000d647a910,0x00000000d6480000)
  to   space 1024K, 0% used [0x00000000d6280000,0x00000000d6280000,0x00000000d6380000)
 ParOldGen       total 976384K, used 616652K [0x0000000080000000, 0x00000000bb980000, 0x00000000d5580000)
  object space 976384K, 63% used [0x0000000080000000,0x00000000a5a33360,0x00000000bb980000)
 Metaspace       used 92094K, committed 93888K, reserved 1179648K
  class space    used 9610K, committed 10432K, reserved 1048576K
}
Event: 16167.881 GC heap before
{Heap before GC invocations=1707 (full 4):
 PSYoungGen      total 8704K, used 8682K [0x00000000d5580000, 0x00000000d6480000, 0x0000000100000000)
  eden space 8192K, 99% used [0x00000000d5580000,0x00000000d5d7ffc8,0x00000000d5d80000)
  from space 512K, 95% used [0x00000000d6400000,0x00000000d647a910,0x00000000d6480000)
  to   space 1024K, 0% used [0x00000000d6280000,0x00000000d6280000,0x00000000d6380000)
 ParOldGen       total 976384K, used 616652K [0x0000000080000000, 0x00000000bb980000, 0x00000000d5580000)
  object space 976384K, 63% used [0x0000000080000000,0x00000000a5a33360,0x00000000bb980000)
 Metaspace       used 92124K, committed 93888K, reserved 1179648K
  class space    used 9610K, committed 10432K, reserved 1048576K
}
Event: 16167.897 GC heap after
{Heap after GC invocations=1707 (full 4):
 PSYoungGen      total 9216K, used 320K [0x00000000d5580000, 0x00000000d6480000, 0x0000000100000000)
  eden space 8192K, 0% used [0x00000000d5580000,0x00000000d5580000,0x00000000d5d80000)
  from space 1024K, 31% used [0x00000000d6280000,0x00000000d62d0000,0x00000000d6380000)
  to   space 1024K, 0% used [0x00000000d6380000,0x00000000d6380000,0x00000000d6480000)
 ParOldGen       total 976384K, used 617132K [0x0000000080000000, 0x00000000bb980000, 0x00000000d5580000)
  object space 976384K, 63% used [0x0000000080000000,0x00000000a5aab3f0,0x00000000bb980000)
 Metaspace       used 92124K, committed 93888K, reserved 1179648K
  class space    used 9610K, committed 10432K, reserved 1048576K
}

